[0.007s] Invoking command in '/home/robot/pcd2pgm/build/pcd2pgm': CMAKE_PREFIX_PATH=${CMAKE_PREFIX_PATH}:/home/robot/transistor_rm2026_algorithm_visual_ws/install/shm_python_processor_pkg:/opt/ros/humble /usr/bin/cmake /home/robot/pcd2pgm/src -DAMENT_CMAKE_SYMLINK_INSTALL=1 -DCMAKE_INSTALL_PREFIX=/home/robot/pcd2pgm/install/pcd2pgm
[0.064s] -- The C compiler identification is GNU 11.4.0
[0.124s] -- The CXX compiler identification is GNU 11.4.0
[0.129s] -- Detecting C compiler ABI info
[0.205s] -- Detecting C compiler ABI info - done
[0.213s] -- Check for working C compiler: /usr/bin/cc - skipped
[0.214s] -- Detecting C compile features
[0.214s] -- Detecting C compile features - done
[0.217s] -- Detecting CXX compiler ABI info
[0.316s] -- Detecting CXX compiler ABI info - done
[0.326s] -- Check for working CXX compiler: /usr/bin/c++ - skipped
[0.326s] -- Detecting CXX compile features
[0.327s] -- Detecting CXX compile features - done
[0.328s] -- Found ament_cmake_auto: 1.3.14 (/opt/ros/humble/share/ament_cmake_auto/cmake)
[0.459s] -- Found Python3: /usr/bin/python3 (found version "3.10.12") found components: Interpreter 
[0.504s] -- Override CMake install command with custom implementation using symlinks instead of copying resources
[0.593s] -- Found rosidl_generator_c: 3.1.8 (/opt/ros/humble/share/rosidl_generator_c/cmake)
[0.596s] -- Found rosidl_adapter: 3.1.8 (/opt/ros/humble/share/rosidl_adapter/cmake)
[0.601s] -- Found rosidl_generator_cpp: 3.1.8 (/opt/ros/humble/share/rosidl_generator_cpp/cmake)
[0.609s] -- Using all available rosidl_typesupport_c: rosidl_typesupport_fastrtps_c;rosidl_typesupport_introspection_c
[0.620s] -- Using all available rosidl_typesupport_cpp: rosidl_typesupport_fastrtps_cpp;rosidl_typesupport_introspection_cpp
[0.648s] -- Found rmw_implementation_cmake: 6.1.2 (/opt/ros/humble/share/rmw_implementation_cmake/cmake)
[0.649s] -- Found rmw_fastrtps_cpp: 6.2.10 (/opt/ros/humble/share/rmw_fastrtps_cpp/cmake)
[0.732s] -- Found OpenSSL: /usr/lib/x86_64-linux-gnu/libcrypto.so (found version "3.0.2")  
[0.755s] -- Found FastRTPS: /opt/ros/humble/include  
[0.797s] -- Using RMW implementation 'rmw_fastrtps_cpp' as default
[0.805s] -- Looking for pthread.h
[0.890s] -- Looking for pthread.h - found
[0.890s] -- Performing Test CMAKE_HAVE_LIBC_PTHREAD
[0.986s] -- Performing Test CMAKE_HAVE_LIBC_PTHREAD - Success
[0.987s] -- Found Threads: TRUE  
[1.111s] -- Checking for module 'eigen3'
[1.124s] --   Found eigen3, version 3.4.0
[1.172s] -- Found Eigen: /usr/include/eigen3 (Required is at least version "3.1") 
[1.172s] -- Eigen found (include: /usr/include/eigen3, version: 3.4.0)
[1.204s] -- Checking for module 'flann'
[1.220s] --   Found flann, version 1.9.1
[1.283s] -- Found FLANN: /usr/lib/x86_64-linux-gnu/libflann_cpp.so  
[1.283s] -- FLANN found (include: /usr/include, lib: /usr/lib/x86_64-linux-gnu/libflann_cpp.so)
[2.193s] -- Checking for module 'libusb-1.0'
[2.213s] --   Found libusb-1.0, version 1.0.25
[2.261s] -- Found libusb: /usr/lib/x86_64-linux-gnu/libusb-1.0.so  
[2.262s] -- OpenNI found (version: 1.5.4.0, include: /usr/include/ni, lib: /usr/lib/libOpenNI.so;libusb::libusb)
[2.345s] -- OpenNI2 found (version: 2.2.0.33, include: /usr/include/openni2, lib: /usr/lib/x86_64-linux-gnu/libOpenNI2.so;libusb::libusb)
[2.463s] -- Eigen found (include: /usr/include/eigen3, version: 3.4.0)
[2.472s] -- OpenNI found (version: 1.5.4.0, include: /usr/include/ni, lib: /usr/lib/libOpenNI.so;libusb::libusb)
[2.481s] -- OpenNI2 found (version: 2.2.0.33, include: /usr/include/openni2, lib: /usr/lib/x86_64-linux-gnu/libOpenNI2.so;libusb::libusb)
[2.599s] -- Found Qhull version 8.0.2
[2.702s] -- OpenNI found (version: 1.5.4.0, include: /usr/include/ni, lib: /usr/lib/libOpenNI.so;libusb::libusb)
[2.808s] -- Found PCL_COMMON: /usr/lib/x86_64-linux-gnu/libpcl_common.so  
[2.809s] -- Found PCL_KDTREE: /usr/lib/x86_64-linux-gnu/libpcl_kdtree.so  
[2.809s] -- Found PCL_OCTREE: /usr/lib/x86_64-linux-gnu/libpcl_octree.so  
[2.810s] -- Found PCL_SEARCH: /usr/lib/x86_64-linux-gnu/libpcl_search.so  
[2.810s] -- Found PCL_SAMPLE_CONSENSUS: /usr/lib/x86_64-linux-gnu/libpcl_sample_consensus.so  
[2.811s] -- Found PCL_FILTERS: /usr/lib/x86_64-linux-gnu/libpcl_filters.so  
[2.811s] -- Found PCL_2D: /usr/include/pcl-1.12  
[2.811s] -- Found PCL_GEOMETRY: /usr/include/pcl-1.12  
[2.812s] -- Found PCL_IO: /usr/lib/x86_64-linux-gnu/libpcl_io.so  
[2.813s] -- Found PCL_FEATURES: /usr/lib/x86_64-linux-gnu/libpcl_features.so  
[2.813s] -- Found PCL_ML: /usr/lib/x86_64-linux-gnu/libpcl_ml.so  
[2.814s] -- Found PCL_SEGMENTATION: /usr/lib/x86_64-linux-gnu/libpcl_segmentation.so  
[2.814s] -- Found PCL_VISUALIZATION: /usr/lib/x86_64-linux-gnu/libpcl_visualization.so  
[2.815s] -- Found PCL_SURFACE: /usr/lib/x86_64-linux-gnu/libpcl_surface.so  
[2.816s] -- Found PCL_REGISTRATION: /usr/lib/x86_64-linux-gnu/libpcl_registration.so  
[2.816s] -- Found PCL_KEYPOINTS: /usr/lib/x86_64-linux-gnu/libpcl_keypoints.so  
[2.817s] -- Found PCL_TRACKING: /usr/lib/x86_64-linux-gnu/libpcl_tracking.so  
[2.817s] -- Found PCL_RECOGNITION: /usr/lib/x86_64-linux-gnu/libpcl_recognition.so  
[2.818s] -- Found PCL_STEREO: /usr/lib/x86_64-linux-gnu/libpcl_stereo.so  
[2.819s] -- Found PCL_APPS: /usr/lib/x86_64-linux-gnu/libpcl_apps.so  
[2.819s] -- Found PCL_IN_HAND_SCANNER: /usr/include/pcl-1.12  
[2.819s] -- Found PCL_MODELER: /usr/include/pcl-1.12  
[2.819s] -- Found PCL_POINT_CLOUD_EDITOR: /usr/include/pcl-1.12  
[2.820s] -- Found PCL_OUTOFCORE: /usr/lib/x86_64-linux-gnu/libpcl_outofcore.so  
[2.821s] -- Found PCL_PEOPLE: /usr/lib/x86_64-linux-gnu/libpcl_people.so  
[2.830s] -- Found ament_lint_auto: 0.12.15 (/opt/ros/humble/share/ament_lint_auto/cmake)
[2.854s] -- Added test 'xmllint' to check XML markup files
[2.854s] -- Added test 'copyright' to check source files copyright and LICENSE
[2.856s] -- Configuring done
[2.874s] -- Generating done
[2.881s] -- Build files have been written to: /home/robot/pcd2pgm/build/pcd2pgm
[2.891s] Invoked command in '/home/robot/pcd2pgm/build/pcd2pgm' returned '0': CMAKE_PREFIX_PATH=${CMAKE_PREFIX_PATH}:/home/robot/transistor_rm2026_algorithm_visual_ws/install/shm_python_processor_pkg:/opt/ros/humble /usr/bin/cmake /home/robot/pcd2pgm/src -DAMENT_CMAKE_SYMLINK_INSTALL=1 -DCMAKE_INSTALL_PREFIX=/home/robot/pcd2pgm/install/pcd2pgm
[2.892s] Invoking command in '/home/robot/pcd2pgm/build/pcd2pgm': CMAKE_PREFIX_PATH=${CMAKE_PREFIX_PATH}:/home/robot/transistor_rm2026_algorithm_visual_ws/install/shm_python_processor_pkg:/opt/ros/humble /usr/bin/cmake --build /home/robot/pcd2pgm/build/pcd2pgm -- -j24 -l24
[2.946s] [ 25%] [32mBuilding CXX object CMakeFiles/pcd2pgm_node.dir/rclcpp_components/node_main_pcd2pgm_node.cpp.o[0m
[2.946s] [ 50%] [32mBuilding CXX object CMakeFiles/pcd2pgm.dir/src/pcd2pgm.cpp.o[0m
[4.797s] [ 75%] [32m[1mLinking CXX executable pcd2pgm_node[0m
[4.877s] [ 75%] Built target pcd2pgm_node
[9.347s] [100%] [32m[1mLinking CXX shared library libpcd2pgm.so[0m
[9.842s] [100%] Built target pcd2pgm
[9.854s] Invoked command in '/home/robot/pcd2pgm/build/pcd2pgm' returned '0': CMAKE_PREFIX_PATH=${CMAKE_PREFIX_PATH}:/home/robot/transistor_rm2026_algorithm_visual_ws/install/shm_python_processor_pkg:/opt/ros/humble /usr/bin/cmake --build /home/robot/pcd2pgm/build/pcd2pgm -- -j24 -l24
[9.864s] Invoking command in '/home/robot/pcd2pgm/build/pcd2pgm': CMAKE_PREFIX_PATH=${CMAKE_PREFIX_PATH}:/home/robot/transistor_rm2026_algorithm_visual_ws/install/shm_python_processor_pkg:/opt/ros/humble /usr/bin/cmake --install /home/robot/pcd2pgm/build/pcd2pgm
[9.870s] -- Install configuration: ""
[9.871s] -- Execute custom install script
[9.871s] -- Symlinking: /home/robot/pcd2pgm/install/pcd2pgm/lib/pcd2pgm/pcd2pgm_node
[9.884s] -- Symlinking: /home/robot/pcd2pgm/install/pcd2pgm/include/pcd2pgm/pcd2pgm/pcd2pgm.hpp
[9.896s] -- Symlinking: /home/robot/pcd2pgm/install/pcd2pgm/share/pcd2pgm/environment/library_path.sh
[9.909s] -- Symlinking: /home/robot/pcd2pgm/install/pcd2pgm/share/pcd2pgm/environment/library_path.dsv
[9.922s] -- Symlinking: /home/robot/pcd2pgm/install/pcd2pgm/lib/libpcd2pgm.so
[9.934s] -- Symlinking: /home/robot/pcd2pgm/install/pcd2pgm/share/pcd2pgm/config/pcd2pgm.yaml
[9.946s] -- Symlinking: /home/robot/pcd2pgm/install/pcd2pgm/share/pcd2pgm/launch/pcd2pgm_launch.py
[9.956s] -- Symlinking: /home/robot/pcd2pgm/install/pcd2pgm/share/pcd2pgm/rviz/pcd2pgm.rviz
[9.968s] -- Symlinking: /home/robot/pcd2pgm/install/pcd2pgm/share/ament_index/resource_index/package_run_dependencies/pcd2pgm
[9.981s] -- Symlinking: /home/robot/pcd2pgm/install/pcd2pgm/share/ament_index/resource_index/parent_prefix_path/pcd2pgm
[9.994s] -- Symlinking: /home/robot/pcd2pgm/install/pcd2pgm/share/pcd2pgm/environment/ament_prefix_path.sh
[10.006s] -- Symlinking: /home/robot/pcd2pgm/install/pcd2pgm/share/pcd2pgm/environment/ament_prefix_path.dsv
[10.018s] -- Symlinking: /home/robot/pcd2pgm/install/pcd2pgm/share/pcd2pgm/environment/path.sh
[10.031s] -- Symlinking: /home/robot/pcd2pgm/install/pcd2pgm/share/pcd2pgm/environment/path.dsv
[10.043s] -- Symlinking: /home/robot/pcd2pgm/install/pcd2pgm/share/pcd2pgm/local_setup.bash
[10.057s] -- Symlinking: /home/robot/pcd2pgm/install/pcd2pgm/share/pcd2pgm/local_setup.sh
[10.068s] -- Symlinking: /home/robot/pcd2pgm/install/pcd2pgm/share/pcd2pgm/local_setup.zsh
[10.082s] -- Symlinking: /home/robot/pcd2pgm/install/pcd2pgm/share/pcd2pgm/local_setup.dsv
[10.094s] -- Symlinking: /home/robot/pcd2pgm/install/pcd2pgm/share/pcd2pgm/package.dsv
[10.106s] -- Symlinking: /home/robot/pcd2pgm/install/pcd2pgm/share/ament_index/resource_index/packages/pcd2pgm
[10.117s] -- Symlinking: /home/robot/pcd2pgm/install/pcd2pgm/share/ament_index/resource_index/rclcpp_components/pcd2pgm
[10.127s] -- Symlinking: /home/robot/pcd2pgm/install/pcd2pgm/share/pcd2pgm/cmake/ament_cmake_export_dependencies-extras.cmake
[10.137s] -- Symlinking: /home/robot/pcd2pgm/install/pcd2pgm/share/pcd2pgm/cmake/ament_cmake_export_include_directories-extras.cmake
[10.150s] -- Symlinking: /home/robot/pcd2pgm/install/pcd2pgm/share/pcd2pgm/cmake/ament_cmake_export_libraries-extras.cmake
[10.162s] -- Symlinking: /home/robot/pcd2pgm/install/pcd2pgm/share/pcd2pgm/cmake/pcd2pgmConfig.cmake
[10.176s] -- Symlinking: /home/robot/pcd2pgm/install/pcd2pgm/share/pcd2pgm/cmake/pcd2pgmConfig-version.cmake
[10.189s] -- Symlinking: /home/robot/pcd2pgm/install/pcd2pgm/share/pcd2pgm/package.xml
[10.205s] Invoked command in '/home/robot/pcd2pgm/build/pcd2pgm' returned '0': CMAKE_PREFIX_PATH=${CMAKE_PREFIX_PATH}:/home/robot/transistor_rm2026_algorithm_visual_ws/install/shm_python_processor_pkg:/opt/ros/humble /usr/bin/cmake --install /home/robot/pcd2pgm/build/pcd2pgm
