[0.007s] Invoking command in '/home/robot/ros_ws/build/hik_camera_ros2_driver': CMAKE_PREFIX_PATH=${CMAKE_PREFIX_PATH}:/home/robot/transistor_rm2026_algorithm_visual_ws/install/shm_python_processor_pkg:/opt/ros/humble /usr/bin/cmake --build /home/robot/ros_ws/build/hik_camera_ros2_driver -- -j24 -l24
[0.051s] [35m[1mConsolidate compiler generated dependencies of target hik_camera_ros2_driver[0m
[0.068s] [ 50%] Built target hik_camera_ros2_driver_node
[0.072s] [100%] Built target hik_camera_ros2_driver
[0.085s] Invoked command in '/home/robot/ros_ws/build/hik_camera_ros2_driver' returned '0': CMAKE_PREFIX_PATH=${CMAKE_PREFIX_PATH}:/home/robot/transistor_rm2026_algorithm_visual_ws/install/shm_python_processor_pkg:/opt/ros/humble /usr/bin/cmake --build /home/robot/ros_ws/build/hik_camera_ros2_driver -- -j24 -l24
[0.100s] Invoking command in '/home/robot/ros_ws/build/hik_camera_ros2_driver': CMAKE_PREFIX_PATH=${CMAKE_PREFIX_PATH}:/home/robot/transistor_rm2026_algorithm_visual_ws/install/shm_python_processor_pkg:/opt/ros/humble /usr/bin/cmake --install /home/robot/ros_ws/build/hik_camera_ros2_driver
[0.106s] -- Install configuration: "Release"
[0.106s] -- Execute custom install script
[0.106s] -- Up-to-date symlink: /home/robot/ros_ws/install/hik_camera_ros2_driver/lib/hik_camera_ros2_driver/hik_camera_ros2_driver_node
[0.106s] -- Up-to-date symlink: /home/robot/ros_ws/install/hik_camera_ros2_driver/include/hik_camera_ros2_driver/hik_camera_node.hpp
[0.106s] -- Up-to-date symlink: /home/robot/ros_ws/install/hik_camera_ros2_driver/share/hik_camera_ros2_driver/environment/library_path.sh
[0.107s] -- Up-to-date symlink: /home/robot/ros_ws/install/hik_camera_ros2_driver/share/hik_camera_ros2_driver/environment/library_path.dsv
[0.107s] -- Up-to-date symlink: /home/robot/ros_ws/install/hik_camera_ros2_driver/lib/libhik_camera_ros2_driver.so
[0.107s] -- Up-to-date symlink: /home/robot/ros_ws/install/hik_camera_ros2_driver/share/hik_camera_ros2_driver/launch/cam_calibration.launch.py
[0.107s] -- Up-to-date symlink: /home/robot/ros_ws/install/hik_camera_ros2_driver/share/hik_camera_ros2_driver/launch/hik_camera_launch.py
[0.107s] -- Up-to-date symlink: /home/robot/ros_ws/install/hik_camera_ros2_driver/share/hik_camera_ros2_driver/config/calibration_board.yaml
[0.107s] -- Up-to-date symlink: /home/robot/ros_ws/install/hik_camera_ros2_driver/share/hik_camera_ros2_driver/config/camera_info.yaml
[0.107s] -- Up-to-date symlink: /home/robot/ros_ws/install/hik_camera_ros2_driver/share/hik_camera_ros2_driver/config/camera_params.yaml
[0.107s] -- Up-to-date symlink: /home/robot/ros_ws/install/hik_camera_ros2_driver/share/ament_index/resource_index/package_run_dependencies/hik_camera_ros2_driver
[0.107s] -- Up-to-date symlink: /home/robot/ros_ws/install/hik_camera_ros2_driver/share/ament_index/resource_index/parent_prefix_path/hik_camera_ros2_driver
[0.108s] -- Up-to-date symlink: /home/robot/ros_ws/install/hik_camera_ros2_driver/share/hik_camera_ros2_driver/environment/ament_prefix_path.sh
[0.108s] -- Up-to-date symlink: /home/robot/ros_ws/install/hik_camera_ros2_driver/share/hik_camera_ros2_driver/environment/ament_prefix_path.dsv
[0.108s] -- Up-to-date symlink: /home/robot/ros_ws/install/hik_camera_ros2_driver/share/hik_camera_ros2_driver/environment/path.sh
[0.108s] -- Up-to-date symlink: /home/robot/ros_ws/install/hik_camera_ros2_driver/share/hik_camera_ros2_driver/environment/path.dsv
[0.108s] -- Up-to-date symlink: /home/robot/ros_ws/install/hik_camera_ros2_driver/share/hik_camera_ros2_driver/local_setup.bash
[0.108s] -- Up-to-date symlink: /home/robot/ros_ws/install/hik_camera_ros2_driver/share/hik_camera_ros2_driver/local_setup.sh
[0.108s] -- Up-to-date symlink: /home/robot/ros_ws/install/hik_camera_ros2_driver/share/hik_camera_ros2_driver/local_setup.zsh
[0.108s] -- Up-to-date symlink: /home/robot/ros_ws/install/hik_camera_ros2_driver/share/hik_camera_ros2_driver/local_setup.dsv
[0.108s] -- Symlinking: /home/robot/ros_ws/install/hik_camera_ros2_driver/share/hik_camera_ros2_driver/package.dsv
[0.118s] -- Up-to-date symlink: /home/robot/ros_ws/install/hik_camera_ros2_driver/share/ament_index/resource_index/packages/hik_camera_ros2_driver
[0.118s] -- Up-to-date symlink: /home/robot/ros_ws/install/hik_camera_ros2_driver/share/ament_index/resource_index/rclcpp_components/hik_camera_ros2_driver
[0.118s] -- Up-to-date symlink: /home/robot/ros_ws/install/hik_camera_ros2_driver/share/hik_camera_ros2_driver/cmake/ament_cmake_export_dependencies-extras.cmake
[0.118s] -- Up-to-date symlink: /home/robot/ros_ws/install/hik_camera_ros2_driver/share/hik_camera_ros2_driver/cmake/ament_cmake_export_include_directories-extras.cmake
[0.118s] -- Up-to-date symlink: /home/robot/ros_ws/install/hik_camera_ros2_driver/share/hik_camera_ros2_driver/cmake/ament_cmake_export_libraries-extras.cmake
[0.118s] -- Up-to-date symlink: /home/robot/ros_ws/install/hik_camera_ros2_driver/share/hik_camera_ros2_driver/cmake/hik_camera_ros2_driverConfig.cmake
[0.118s] -- Up-to-date symlink: /home/robot/ros_ws/install/hik_camera_ros2_driver/share/hik_camera_ros2_driver/cmake/hik_camera_ros2_driverConfig-version.cmake
[0.118s] -- Up-to-date symlink: /home/robot/ros_ws/install/hik_camera_ros2_driver/share/hik_camera_ros2_driver/package.xml
[0.119s] Invoked command in '/home/robot/ros_ws/build/hik_camera_ros2_driver' returned '0': CMAKE_PREFIX_PATH=${CMAKE_PREFIX_PATH}:/home/robot/transistor_rm2026_algorithm_visual_ws/install/shm_python_processor_pkg:/opt/ros/humble /usr/bin/cmake --install /home/robot/ros_ws/build/hik_camera_ros2_driver
