[0.083s] [34mcolcon[0m [1;30mDEBUG[0m [32mCommand line arguments: ['/usr/bin/colcon', 'build', '--symlink-install'][0m
[0.083s] [34mcolcon[0m [1;30mDEBUG[0m [32mParsed command line arguments: Namespace(log_base=None, log_level=None, verb_name='build', build_base='build', install_base='install', merge_install=False, symlink_install=True, test_result_base=None, continue_on_error=False, executor='parallel', parallel_workers=24, event_handlers=None, ignore_user_meta=False, metas=['./colcon.meta'], base_paths=['.'], packages_ignore=None, packages_ignore_regex=None, paths=None, packages_up_to=None, packages_up_to_regex=None, packages_above=None, packages_above_and_dependencies=None, packages_above_depth=None, packages_select_by_dep=None, packages_skip_by_dep=None, packages_skip_up_to=None, packages_select_build_failed=False, packages_skip_build_finished=False, packages_select_test_failures=False, packages_skip_test_passed=False, packages_select=None, packages_skip=None, packages_select_regex=None, packages_skip_regex=None, packages_start=None, packages_end=None, allow_overriding=[], cmake_args=None, cmake_target=None, cmake_target_skip_unavailable=False, cmake_clean_cache=False, cmake_clean_first=False, cmake_force_configure=False, ament_cmake_args=None, catkin_cmake_args=None, catkin_skip_building_tests=False, verb_parser=<colcon_defaults.argument_parser.defaults.DefaultArgumentsDecorator object at 0x76c1b7a06680>, verb_extension=<colcon_core.verb.build.BuildVerb object at 0x76c1b7a06170>, main=<bound method BuildVerb.main of <colcon_core.verb.build.BuildVerb object at 0x76c1b7a06170>>)[0m
[0.198s] [34mcolcon.colcon_core.package_discovery[0m [1;30mLevel 1[0m discover_packages(colcon_meta) check parameters
[0.198s] [34mcolcon.colcon_core.package_discovery[0m [1;30mLevel 1[0m discover_packages(recursive) check parameters
[0.198s] [34mcolcon.colcon_core.package_discovery[0m [1;30mLevel 1[0m discover_packages(ignore) check parameters
[0.198s] [34mcolcon.colcon_core.package_discovery[0m [1;30mLevel 1[0m discover_packages(path) check parameters
[0.198s] [34mcolcon.colcon_core.package_discovery[0m [1;30mLevel 1[0m discover_packages(colcon_meta) discover
[0.198s] [34mcolcon.colcon_core.package_discovery[0m [1;30mLevel 1[0m discover_packages(recursive) discover
[0.198s] [34mcolcon.colcon_core.package_discovery[0m [1;30mINFO[0m Crawling recursively for packages in '/media/robot/Ventoy/算法组作业/算法组第五次作业/pcd2pgm'
[0.198s] [34mcolcon.colcon_core.package_identification[0m [1;30mLevel 1[0m _identify(.) by extensions ['ignore', 'ignore_ament_install']
[0.198s] [34mcolcon.colcon_core.package_identification[0m [1;30mLevel 1[0m _identify(.) by extension 'ignore'
[0.198s] [34mcolcon.colcon_core.package_identification[0m [1;30mLevel 1[0m _identify(.) by extension 'ignore_ament_install'
[0.198s] [34mcolcon.colcon_core.package_identification[0m [1;30mLevel 1[0m _identify(.) by extensions ['colcon_pkg']
[0.198s] [34mcolcon.colcon_core.package_identification[0m [1;30mLevel 1[0m _identify(.) by extension 'colcon_pkg'
[0.198s] [34mcolcon.colcon_core.package_identification[0m [1;30mLevel 1[0m _identify(.) by extensions ['colcon_meta']
[0.198s] [34mcolcon.colcon_core.package_identification[0m [1;30mLevel 1[0m _identify(.) by extension 'colcon_meta'
[0.198s] [34mcolcon.colcon_core.package_identification[0m [1;30mLevel 1[0m _identify(.) by extensions ['ros']
[0.198s] [34mcolcon.colcon_core.package_identification[0m [1;30mLevel 1[0m _identify(.) by extension 'ros'
[0.206s] [34mcolcon.colcon_core.package_identification[0m [1;30mLevel 1[0m _identify(.) by extensions ['cmake', 'python']
[0.206s] [34mcolcon.colcon_core.package_identification[0m [1;30mLevel 1[0m _identify(.) by extension 'cmake'
[0.206s] [34mcolcon.colcon_core.package_identification[0m [1;30mLevel 1[0m _identify(.) by extension 'python'
[0.206s] [34mcolcon.colcon_core.package_identification[0m [1;30mLevel 1[0m _identify(.) by extensions ['python_setup_py']
[0.206s] [34mcolcon.colcon_core.package_identification[0m [1;30mLevel 1[0m _identify(.) by extension 'python_setup_py'
[0.206s] [34mcolcon.colcon_core.package_identification[0m [1;30mLevel 1[0m _identify(RMUL2026) by extensions ['ignore', 'ignore_ament_install']
[0.206s] [34mcolcon.colcon_core.package_identification[0m [1;30mLevel 1[0m _identify(RMUL2026) by extension 'ignore'
[0.206s] [34mcolcon.colcon_core.package_identification[0m [1;30mLevel 1[0m _identify(RMUL2026) by extension 'ignore_ament_install'
[0.206s] [34mcolcon.colcon_core.package_identification[0m [1;30mLevel 1[0m _identify(RMUL2026) by extensions ['colcon_pkg']
[0.206s] [34mcolcon.colcon_core.package_identification[0m [1;30mLevel 1[0m _identify(RMUL2026) by extension 'colcon_pkg'
[0.206s] [34mcolcon.colcon_core.package_identification[0m [1;30mLevel 1[0m _identify(RMUL2026) by extensions ['colcon_meta']
[0.206s] [34mcolcon.colcon_core.package_identification[0m [1;30mLevel 1[0m _identify(RMUL2026) by extension 'colcon_meta'
[0.206s] [34mcolcon.colcon_core.package_identification[0m [1;30mLevel 1[0m _identify(RMUL2026) by extensions ['ros']
[0.206s] [34mcolcon.colcon_core.package_identification[0m [1;30mLevel 1[0m _identify(RMUL2026) by extension 'ros'
[0.206s] [34mcolcon.colcon_core.package_identification[0m [1;30mLevel 1[0m _identify(RMUL2026) by extensions ['cmake', 'python']
[0.206s] [34mcolcon.colcon_core.package_identification[0m [1;30mLevel 1[0m _identify(RMUL2026) by extension 'cmake'
[0.206s] [34mcolcon.colcon_core.package_identification[0m [1;30mLevel 1[0m _identify(RMUL2026) by extension 'python'
[0.206s] [34mcolcon.colcon_core.package_identification[0m [1;30mLevel 1[0m _identify(RMUL2026) by extensions ['python_setup_py']
[0.206s] [34mcolcon.colcon_core.package_identification[0m [1;30mLevel 1[0m _identify(RMUL2026) by extension 'python_setup_py'
[0.206s] [34mcolcon.colcon_core.package_identification[0m [1;30mLevel 1[0m _identify(build) by extensions ['ignore', 'ignore_ament_install']
[0.206s] [34mcolcon.colcon_core.package_identification[0m [1;30mLevel 1[0m _identify(build) by extension 'ignore'
[0.206s] [34mcolcon.colcon_core.package_identification[0m [1;30mLevel 1[0m _identify(build) ignored
[0.207s] [34mcolcon.colcon_core.package_identification[0m [1;30mLevel 1[0m _identify(install) by extensions ['ignore', 'ignore_ament_install']
[0.207s] [34mcolcon.colcon_core.package_identification[0m [1;30mLevel 1[0m _identify(install) by extension 'ignore'
[0.207s] [34mcolcon.colcon_core.package_identification[0m [1;30mLevel 1[0m _identify(install) ignored
[0.207s] [34mcolcon.colcon_core.package_identification[0m [1;30mLevel 1[0m _identify(log) by extensions ['ignore', 'ignore_ament_install']
[0.207s] [34mcolcon.colcon_core.package_identification[0m [1;30mLevel 1[0m _identify(log) by extension 'ignore'
[0.207s] [34mcolcon.colcon_core.package_identification[0m [1;30mLevel 1[0m _identify(log) ignored
[0.207s] [34mcolcon.colcon_core.package_identification[0m [1;30mLevel 1[0m _identify(src) by extensions ['ignore', 'ignore_ament_install']
[0.207s] [34mcolcon.colcon_core.package_identification[0m [1;30mLevel 1[0m _identify(src) by extension 'ignore'
[0.207s] [34mcolcon.colcon_core.package_identification[0m [1;30mLevel 1[0m _identify(src) by extension 'ignore_ament_install'
[0.207s] [34mcolcon.colcon_core.package_identification[0m [1;30mLevel 1[0m _identify(src) by extensions ['colcon_pkg']
[0.207s] [34mcolcon.colcon_core.package_identification[0m [1;30mLevel 1[0m _identify(src) by extension 'colcon_pkg'
[0.207s] [34mcolcon.colcon_core.package_identification[0m [1;30mLevel 1[0m _identify(src) by extensions ['colcon_meta']
[0.207s] [34mcolcon.colcon_core.package_identification[0m [1;30mLevel 1[0m _identify(src) by extension 'colcon_meta'
[0.207s] [34mcolcon.colcon_core.package_identification[0m [1;30mLevel 1[0m _identify(src) by extensions ['ros']
[0.207s] [34mcolcon.colcon_core.package_identification[0m [1;30mLevel 1[0m _identify(src) by extension 'ros'
[0.214s] [34mcolcon.colcon_core.package_identification[0m [1;30mDEBUG[0m [32mPackage 'src' with type 'ros.ament_cmake' and name 'pcd2pgm'[0m
[0.214s] [34mcolcon.colcon_core.package_discovery[0m [1;30mLevel 1[0m discover_packages(recursive) using defaults
[0.214s] [34mcolcon.colcon_core.package_discovery[0m [1;30mLevel 1[0m discover_packages(ignore) discover
[0.214s] [34mcolcon.colcon_core.package_discovery[0m [1;30mLevel 1[0m discover_packages(ignore) using defaults
[0.214s] [34mcolcon.colcon_core.package_discovery[0m [1;30mLevel 1[0m discover_packages(path) discover
[0.214s] [34mcolcon.colcon_core.package_discovery[0m [1;30mLevel 1[0m discover_packages(path) using defaults
[0.226s] [34mcolcon.colcon_core.package_discovery[0m [1;30mLevel 1[0m discover_packages(prefix_path) check parameters
[0.227s] [34mcolcon.colcon_core.package_discovery[0m [1;30mLevel 1[0m discover_packages(prefix_path) discover
[0.228s] [34mcolcon.colcon_installed_package_information.package_discovery[0m [1;30mDEBUG[0m [32mFound 1 installed packages in /home/robot/ros_ws/install[0m
[0.228s] [34mcolcon.colcon_installed_package_information.package_discovery[0m [1;30mDEBUG[0m [32mFound 2 installed packages in /home/robot/transistor_rm2026_algorithm_visual_ws/install[0m
[0.229s] [34mcolcon.colcon_installed_package_information.package_discovery[0m [1;30mDEBUG[0m [32mFound 287 installed packages in /opt/ros/humble[0m
[0.230s] [34mcolcon.colcon_core.package_discovery[0m [1;30mLevel 1[0m discover_packages(prefix_path) using defaults
[0.252s] [34mcolcon.colcon_core.verb[0m [1;30mLevel 5[0m set package 'pcd2pgm' build argument 'cmake_args' from command line to 'None'
[0.252s] [34mcolcon.colcon_core.verb[0m [1;30mLevel 5[0m set package 'pcd2pgm' build argument 'cmake_target' from command line to 'None'
[0.252s] [34mcolcon.colcon_core.verb[0m [1;30mLevel 5[0m set package 'pcd2pgm' build argument 'cmake_target_skip_unavailable' from command line to 'False'
[0.252s] [34mcolcon.colcon_core.verb[0m [1;30mLevel 5[0m set package 'pcd2pgm' build argument 'cmake_clean_cache' from command line to 'False'
[0.252s] [34mcolcon.colcon_core.verb[0m [1;30mLevel 5[0m set package 'pcd2pgm' build argument 'cmake_clean_first' from command line to 'False'
[0.252s] [34mcolcon.colcon_core.verb[0m [1;30mLevel 5[0m set package 'pcd2pgm' build argument 'cmake_force_configure' from command line to 'False'
[0.252s] [34mcolcon.colcon_core.verb[0m [1;30mLevel 5[0m set package 'pcd2pgm' build argument 'ament_cmake_args' from command line to 'None'
[0.252s] [34mcolcon.colcon_core.verb[0m [1;30mLevel 5[0m set package 'pcd2pgm' build argument 'catkin_cmake_args' from command line to 'None'
[0.252s] [34mcolcon.colcon_core.verb[0m [1;30mLevel 5[0m set package 'pcd2pgm' build argument 'catkin_skip_building_tests' from command line to 'False'
[0.252s] [34mcolcon.colcon_core.verb[0m [1;30mDEBUG[0m [32mBuilding package 'pcd2pgm' with the following arguments: {'ament_cmake_args': None, 'build_base': '/media/robot/Ventoy/算法组作业/算法组第五次作业/pcd2pgm/build/pcd2pgm', 'catkin_cmake_args': None, 'catkin_skip_building_tests': False, 'cmake_args': None, 'cmake_clean_cache': False, 'cmake_clean_first': False, 'cmake_force_configure': False, 'cmake_target': None, 'cmake_target_skip_unavailable': False, 'install_base': '/media/robot/Ventoy/算法组作业/算法组第五次作业/pcd2pgm/install/pcd2pgm', 'merge_install': False, 'path': '/media/robot/Ventoy/算法组作业/算法组第五次作业/pcd2pgm/src', 'symlink_install': True, 'test_result_base': None}[0m
[0.252s] [34mcolcon.colcon_core.executor[0m [1;30mINFO[0m Executing jobs using 'parallel' executor
[0.253s] [34mcolcon.colcon_parallel_executor.executor.parallel[0m [1;30mDEBUG[0m [32mrun_until_complete[0m
[0.253s] [34mcolcon.colcon_ros.task.ament_cmake.build[0m [1;30mINFO[0m Building ROS package in '/media/robot/Ventoy/算法组作业/算法组第五次作业/pcd2pgm/src' with build type 'ament_cmake'
[0.253s] [34mcolcon.colcon_cmake.task.cmake.build[0m [1;30mINFO[0m Building CMake package in '/media/robot/Ventoy/算法组作业/算法组第五次作业/pcd2pgm/src'
[0.254s] [34mcolcon.colcon_core.plugin_system[0m [1;30mINFO[0m Skipping extension 'colcon_core.shell.bat': Not used on non-Windows systems
[0.254s] [34mcolcon.colcon_core.shell[0m [1;30mINFO[0m Skip shell extension 'powershell' for command environment: Not usable outside of PowerShell
[0.254s] [34mcolcon.colcon_core.shell[0m [1;30mDEBUG[0m [32mSkip shell extension 'dsv' for command environment[0m
[0.263s] [34mcolcon.colcon_core.event_handler.log_command[0m [1;30mDEBUG[0m [32mInvoking command in '/media/robot/Ventoy/算法组作业/算法组第五次作业/pcd2pgm/build/pcd2pgm': CMAKE_PREFIX_PATH=${CMAKE_PREFIX_PATH}:/home/robot/transistor_rm2026_algorithm_visual_ws/install/shm_python_processor_pkg:/opt/ros/humble /usr/bin/cmake --build /media/robot/Ventoy/算法组作业/算法组第五次作业/pcd2pgm/build/pcd2pgm -- -j24 -l24[0m
[0.344s] [34mcolcon.colcon_core.event_handler.log_command[0m [1;30mDEBUG[0m [32mInvoked command in '/media/robot/Ventoy/算法组作业/算法组第五次作业/pcd2pgm/build/pcd2pgm' returned '0': CMAKE_PREFIX_PATH=${CMAKE_PREFIX_PATH}:/home/robot/transistor_rm2026_algorithm_visual_ws/install/shm_python_processor_pkg:/opt/ros/humble /usr/bin/cmake --build /media/robot/Ventoy/算法组作业/算法组第五次作业/pcd2pgm/build/pcd2pgm -- -j24 -l24[0m
[0.357s] [34mcolcon.colcon_core.event_handler.log_command[0m [1;30mDEBUG[0m [32mInvoking command in '/media/robot/Ventoy/算法组作业/算法组第五次作业/pcd2pgm/build/pcd2pgm': CMAKE_PREFIX_PATH=${CMAKE_PREFIX_PATH}:/home/robot/transistor_rm2026_algorithm_visual_ws/install/shm_python_processor_pkg:/opt/ros/humble /usr/bin/cmake --install /media/robot/Ventoy/算法组作业/算法组第五次作业/pcd2pgm/build/pcd2pgm[0m
[0.376s] [34mcolcon.colcon_core.environment[0m [1;30mLevel 1[0m create_environment_scripts_only(pcd2pgm)
[0.377s] [34mcolcon.colcon_core.event_handler.log_command[0m [1;30mDEBUG[0m [32mInvoked command in '/media/robot/Ventoy/算法组作业/算法组第五次作业/pcd2pgm/build/pcd2pgm' returned '0': CMAKE_PREFIX_PATH=${CMAKE_PREFIX_PATH}:/home/robot/transistor_rm2026_algorithm_visual_ws/install/shm_python_processor_pkg:/opt/ros/humble /usr/bin/cmake --install /media/robot/Ventoy/算法组作业/算法组第五次作业/pcd2pgm/build/pcd2pgm[0m
[0.383s] [34mcolcon.colcon_core.environment[0m [1;30mLevel 1[0m checking '/media/robot/Ventoy/算法组作业/算法组第五次作业/pcd2pgm/install/pcd2pgm' for CMake module files
[0.384s] [34mcolcon.colcon_core.environment[0m [1;30mLevel 1[0m checking '/media/robot/Ventoy/算法组作业/算法组第五次作业/pcd2pgm/install/pcd2pgm' for CMake config files
[0.385s] [34mcolcon.colcon_core.environment[0m [1;30mLevel 1[0m checking '/media/robot/Ventoy/算法组作业/算法组第五次作业/pcd2pgm/install/pcd2pgm/lib'
[0.385s] [34mcolcon.colcon_core.environment[0m [1;30mLevel 1[0m checking '/media/robot/Ventoy/算法组作业/算法组第五次作业/pcd2pgm/install/pcd2pgm/bin'
[0.386s] [34mcolcon.colcon_core.environment[0m [1;30mLevel 1[0m checking '/media/robot/Ventoy/算法组作业/算法组第五次作业/pcd2pgm/install/pcd2pgm/lib/pkgconfig/pcd2pgm.pc'
[0.386s] [34mcolcon.colcon_core.environment[0m [1;30mLevel 1[0m checking '/media/robot/Ventoy/算法组作业/算法组第五次作业/pcd2pgm/install/pcd2pgm/lib/python3.10/site-packages'
[0.387s] [34mcolcon.colcon_core.environment[0m [1;30mLevel 1[0m checking '/media/robot/Ventoy/算法组作业/算法组第五次作业/pcd2pgm/install/pcd2pgm/bin'
[0.387s] [34mcolcon.colcon_core.shell[0m [1;30mINFO[0m Creating package script '/media/robot/Ventoy/算法组作业/算法组第五次作业/pcd2pgm/install/pcd2pgm/share/pcd2pgm/package.ps1'
[0.389s] [34mcolcon.colcon_core.shell[0m [1;30mINFO[0m Creating package descriptor '/media/robot/Ventoy/算法组作业/算法组第五次作业/pcd2pgm/install/pcd2pgm/share/pcd2pgm/package.dsv'
[0.390s] [34mcolcon.colcon_core.shell[0m [1;30mINFO[0m Creating package script '/media/robot/Ventoy/算法组作业/算法组第五次作业/pcd2pgm/install/pcd2pgm/share/pcd2pgm/package.sh'
[0.391s] [34mcolcon.colcon_core.shell[0m [1;30mINFO[0m Creating package script '/media/robot/Ventoy/算法组作业/算法组第五次作业/pcd2pgm/install/pcd2pgm/share/pcd2pgm/package.bash'
[0.392s] [34mcolcon.colcon_core.shell[0m [1;30mINFO[0m Creating package script '/media/robot/Ventoy/算法组作业/算法组第五次作业/pcd2pgm/install/pcd2pgm/share/pcd2pgm/package.zsh'
[0.393s] [34mcolcon.colcon_core.environment[0m [1;30mLevel 1[0m create_file_with_runtime_dependencies(/media/robot/Ventoy/算法组作业/算法组第五次作业/pcd2pgm/install/pcd2pgm/share/colcon-core/packages/pcd2pgm)
[0.393s] [34mcolcon.colcon_core.environment[0m [1;30mLevel 1[0m create_environment_scripts_only(pcd2pgm)
[0.394s] [34mcolcon.colcon_core.environment[0m [1;30mLevel 1[0m checking '/media/robot/Ventoy/算法组作业/算法组第五次作业/pcd2pgm/install/pcd2pgm' for CMake module files
[0.394s] [34mcolcon.colcon_core.environment[0m [1;30mLevel 1[0m checking '/media/robot/Ventoy/算法组作业/算法组第五次作业/pcd2pgm/install/pcd2pgm' for CMake config files
[0.394s] [34mcolcon.colcon_core.environment[0m [1;30mLevel 1[0m checking '/media/robot/Ventoy/算法组作业/算法组第五次作业/pcd2pgm/install/pcd2pgm/lib'
[0.395s] [34mcolcon.colcon_core.environment[0m [1;30mLevel 1[0m checking '/media/robot/Ventoy/算法组作业/算法组第五次作业/pcd2pgm/install/pcd2pgm/bin'
[0.395s] [34mcolcon.colcon_core.environment[0m [1;30mLevel 1[0m checking '/media/robot/Ventoy/算法组作业/算法组第五次作业/pcd2pgm/install/pcd2pgm/lib/pkgconfig/pcd2pgm.pc'
[0.395s] [34mcolcon.colcon_core.environment[0m [1;30mLevel 1[0m checking '/media/robot/Ventoy/算法组作业/算法组第五次作业/pcd2pgm/install/pcd2pgm/lib/python3.10/site-packages'
[0.395s] [34mcolcon.colcon_core.environment[0m [1;30mLevel 1[0m checking '/media/robot/Ventoy/算法组作业/算法组第五次作业/pcd2pgm/install/pcd2pgm/bin'
[0.395s] [34mcolcon.colcon_core.shell[0m [1;30mINFO[0m Creating package script '/media/robot/Ventoy/算法组作业/算法组第五次作业/pcd2pgm/install/pcd2pgm/share/pcd2pgm/package.ps1'
[0.396s] [34mcolcon.colcon_core.shell[0m [1;30mINFO[0m Creating package descriptor '/media/robot/Ventoy/算法组作业/算法组第五次作业/pcd2pgm/install/pcd2pgm/share/pcd2pgm/package.dsv'
[0.396s] [34mcolcon.colcon_core.shell[0m [1;30mINFO[0m Creating package script '/media/robot/Ventoy/算法组作业/算法组第五次作业/pcd2pgm/install/pcd2pgm/share/pcd2pgm/package.sh'
[0.397s] [34mcolcon.colcon_core.shell[0m [1;30mINFO[0m Creating package script '/media/robot/Ventoy/算法组作业/算法组第五次作业/pcd2pgm/install/pcd2pgm/share/pcd2pgm/package.bash'
[0.397s] [34mcolcon.colcon_core.shell[0m [1;30mINFO[0m Creating package script '/media/robot/Ventoy/算法组作业/算法组第五次作业/pcd2pgm/install/pcd2pgm/share/pcd2pgm/package.zsh'
[0.397s] [34mcolcon.colcon_core.environment[0m [1;30mLevel 1[0m create_file_with_runtime_dependencies(/media/robot/Ventoy/算法组作业/算法组第五次作业/pcd2pgm/install/pcd2pgm/share/colcon-core/packages/pcd2pgm)
[0.398s] [34mcolcon.colcon_parallel_executor.executor.parallel[0m [1;30mDEBUG[0m [32mclosing loop[0m
[0.398s] [34mcolcon.colcon_parallel_executor.executor.parallel[0m [1;30mDEBUG[0m [32mloop closed[0m
[0.399s] [34mcolcon.colcon_parallel_executor.executor.parallel[0m [1;30mDEBUG[0m [32mrun_until_complete finished with '0'[0m
[0.399s] [34mcolcon.colcon_core.event_reactor[0m [1;30mDEBUG[0m [32mjoining thread[0m
[0.406s] [34mcolcon.colcon_core.plugin_system[0m [1;30mINFO[0m Skipping extension 'colcon_notification.desktop_notification.terminal_notifier': Not used on non-Darwin systems
[0.406s] [34mcolcon.colcon_core.plugin_system[0m [1;30mINFO[0m Skipping extension 'colcon_notification.desktop_notification.win32': Not used on non-Windows systems
[0.406s] [34mcolcon.colcon_notification.desktop_notification[0m [1;30mINFO[0m Sending desktop notification using 'notify2'
[0.422s] [34mcolcon.colcon_core.event_reactor[0m [1;30mDEBUG[0m [32mjoined thread[0m
[0.422s] [34mcolcon.colcon_core.shell[0m [1;30mINFO[0m Creating prefix script '/media/robot/Ventoy/算法组作业/算法组第五次作业/pcd2pgm/install/local_setup.ps1'
[0.424s] [34mcolcon.colcon_core.shell[0m [1;30mINFO[0m Creating prefix util module '/media/robot/Ventoy/算法组作业/算法组第五次作业/pcd2pgm/install/_local_setup_util_ps1.py'
[0.425s] [34mcolcon.colcon_core.shell[0m [1;30mINFO[0m Creating prefix chain script '/media/robot/Ventoy/算法组作业/算法组第五次作业/pcd2pgm/install/setup.ps1'
[0.426s] [34mcolcon.colcon_core.shell[0m [1;30mINFO[0m Creating prefix script '/media/robot/Ventoy/算法组作业/算法组第五次作业/pcd2pgm/install/local_setup.sh'
[0.426s] [34mcolcon.colcon_core.shell[0m [1;30mINFO[0m Creating prefix util module '/media/robot/Ventoy/算法组作业/算法组第五次作业/pcd2pgm/install/_local_setup_util_sh.py'
[0.427s] [34mcolcon.colcon_core.shell[0m [1;30mINFO[0m Creating prefix chain script '/media/robot/Ventoy/算法组作业/算法组第五次作业/pcd2pgm/install/setup.sh'
[0.427s] [34mcolcon.colcon_core.shell[0m [1;30mINFO[0m Creating prefix script '/media/robot/Ventoy/算法组作业/算法组第五次作业/pcd2pgm/install/local_setup.bash'
[0.428s] [34mcolcon.colcon_core.shell[0m [1;30mINFO[0m Creating prefix chain script '/media/robot/Ventoy/算法组作业/算法组第五次作业/pcd2pgm/install/setup.bash'
[0.429s] [34mcolcon.colcon_core.shell[0m [1;30mINFO[0m Creating prefix script '/media/robot/Ventoy/算法组作业/算法组第五次作业/pcd2pgm/install/local_setup.zsh'
[0.429s] [34mcolcon.colcon_core.shell[0m [1;30mINFO[0m Creating prefix chain script '/media/robot/Ventoy/算法组作业/算法组第五次作业/pcd2pgm/install/setup.zsh'
