-- The C compiler identification is GNU 11.4.0
-- The CXX compiler identification is GNU 11.4.0
-- Detecting C compiler ABI info
-- Detecting C compiler ABI info - done
-- Check for working C compiler: /usr/bin/cc - skipped
-- Detecting C compile features
-- Detecting C compile features - done
-- Detecting CXX compiler ABI info
-- Detecting CXX compiler ABI info - done
-- Check for working CXX compiler: /usr/bin/c++ - skipped
-- Detecting CXX compile features
-- Detecting CXX compile features - done
-- Found ament_cmake_auto: 1.3.14 (/opt/ros/humble/share/ament_cmake_auto/cmake)
-- Found Python3: /usr/bin/python3 (found version "3.10.12") found components: Interpreter 
-- Override CMake install command with custom implementation using symlinks instead of copying resources
-- Found rosidl_generator_c: 3.1.8 (/opt/ros/humble/share/rosidl_generator_c/cmake)
-- Found rosidl_adapter: 3.1.8 (/opt/ros/humble/share/rosidl_adapter/cmake)
-- Found rosidl_generator_cpp: 3.1.8 (/opt/ros/humble/share/rosidl_generator_cpp/cmake)
-- Using all available rosidl_typesupport_c: rosidl_typesupport_fastrtps_c;rosidl_typesupport_introspection_c
-- Using all available rosidl_typesupport_cpp: rosidl_typesupport_fastrtps_cpp;rosidl_typesupport_introspection_cpp
-- Found rmw_implementation_cmake: 6.1.2 (/opt/ros/humble/share/rmw_implementation_cmake/cmake)
-- Found rmw_fastrtps_cpp: 6.2.10 (/opt/ros/humble/share/rmw_fastrtps_cpp/cmake)
-- Found OpenSSL: /usr/lib/x86_64-linux-gnu/libcrypto.so (found version "3.0.2")  
-- Found FastRTPS: /opt/ros/humble/include  
-- Using RMW implementation 'rmw_fastrtps_cpp' as default
-- Looking for pthread.h
-- Looking for pthread.h - found
-- Performing Test CMAKE_HAVE_LIBC_PTHREAD
-- Performing Test CMAKE_HAVE_LIBC_PTHREAD - Success
-- Found Threads: TRUE  
-- Found ament_lint_auto: 0.12.15 (/opt/ros/humble/share/ament_lint_auto/cmake)
[0mIn this package, headers install destination is set to `include` by ament_auto_package. It is recommended to install `include/hik_camera_ros2_driver` instead and will be the default behavior of ament_auto_package from ROS 2 Kilted Kaiju. On distributions before Kilted, ament_auto_package behaves the same way when you use USE_SCOPED_HEADER_INSTALL_DIR option.[0m
-- Added test 'cppcheck' to perform static code analysis on C / C++ code
-- Configured cppcheck include dirs: /home/robot/ros_ws/src/hik_camera_ros2_driver/include
-- Configured cppcheck exclude dirs and/or files: 
-- Added test 'lint_cmake' to check CMake code style
-- Added test 'pep257' to check Python code against some of the docstring style conventions in PEP 257
-- Added test 'xmllint' to check XML markup files
-- Configuring done
-- Generating done
-- Build files have been written to: /home/robot/ros_ws/build/hik_camera_ros2_driver
[ 25%] [32mBuilding CXX object CMakeFiles/hik_camera_ros2_driver.dir/src/hik_camera_node.cpp.o[0m
[ 50%] [32mBuilding CXX object CMakeFiles/hik_camera_ros2_driver_node.dir/rclcpp_components/node_main_hik_camera_ros2_driver_node.cpp.o[0m
In file included from [01m[K/home/robot/ros_ws/src/hik_camera_ros2_driver/src/hik_camera_node.cpp:1[m[K:
[01m[K/home/robot/ros_ws/src/hik_camera_ros2_driver/include/hik_camera_ros2_driver/hik_camera_node.hpp:7:10:[m[K [01;31m[Kfatal error: [m[Kcamera_info_manager/camera_info_manager.hpp: 没有那个文件或目录
    7 | #include [01;31m[K"camera_info_manager/camera_info_manager.hpp"[m[K
      |          [01;31m[K^~~~~~~~~~~~~~~~~~~~~~~~~~~~~~~~~~~~~~~~~~~~~[m[K
compilation terminated.
gmake[2]: *** [CMakeFiles/hik_camera_ros2_driver.dir/build.make:76：CMakeFiles/hik_camera_ros2_driver.dir/src/hik_camera_node.cpp.o] 错误 1
gmake[1]: *** [CMakeFiles/Makefile2:139：CMakeFiles/hik_camera_ros2_driver.dir/all] 错误 2
gmake[1]: *** 正在等待未完成的任务....
[ 75%] [32m[1mLinking CXX executable hik_camera_ros2_driver_node[0m
[ 75%] Built target hik_camera_ros2_driver_node
gmake: *** [Makefile:146：all] 错误 2
