[0.008s] Invoking command in '/home/robot/ros_ws/build/hik_camera_ros2_driver': CMAKE_PREFIX_PATH=${CMAKE_PREFIX_PATH}:/home/robot/transistor_rm2026_algorithm_visual_ws/install/shm_python_processor_pkg:/opt/ros/humble /usr/bin/cmake /home/robot/ros_ws/src/hik_camera_ros2_driver -DCMAKE_BUILD_TYPE=Release -DAMENT_CMAKE_SYMLINK_INSTALL=1 -DCMAKE_INSTALL_PREFIX=/home/robot/ros_ws/install/hik_camera_ros2_driver
[0.101s] -- The C compiler identification is GNU 11.4.0
[0.205s] -- The CXX compiler identification is GNU 11.4.0
[0.214s] -- Detecting C compiler ABI info
[0.298s] -- Detecting C compiler ABI info - done
[0.305s] -- Check for working C compiler: /usr/bin/cc - skipped
[0.306s] -- Detecting C compile features
[0.306s] -- Detecting C compile features - done
[0.310s] -- Detecting CXX compiler ABI info
[0.394s] -- Detecting CXX compiler ABI info - done
[0.404s] -- Check for working CXX compiler: /usr/bin/c++ - skipped
[0.404s] -- Detecting CXX compile features
[0.404s] -- Detecting CXX compile features - done
[0.407s] -- Found ament_cmake_auto: 1.3.14 (/opt/ros/humble/share/ament_cmake_auto/cmake)
[0.562s] -- Found Python3: /usr/bin/python3 (found version "3.10.12") found components: Interpreter 
[0.612s] -- Override CMake install command with custom implementation using symlinks instead of copying resources
[0.702s] -- Found rosidl_generator_c: 3.1.8 (/opt/ros/humble/share/rosidl_generator_c/cmake)
[0.705s] -- Found rosidl_adapter: 3.1.8 (/opt/ros/humble/share/rosidl_adapter/cmake)
[0.712s] -- Found rosidl_generator_cpp: 3.1.8 (/opt/ros/humble/share/rosidl_generator_cpp/cmake)
[0.723s] -- Using all available rosidl_typesupport_c: rosidl_typesupport_fastrtps_c;rosidl_typesupport_introspection_c
[0.735s] -- Using all available rosidl_typesupport_cpp: rosidl_typesupport_fastrtps_cpp;rosidl_typesupport_introspection_cpp
[0.767s] -- Found rmw_implementation_cmake: 6.1.2 (/opt/ros/humble/share/rmw_implementation_cmake/cmake)
[0.769s] -- Found rmw_fastrtps_cpp: 6.2.10 (/opt/ros/humble/share/rmw_fastrtps_cpp/cmake)
[0.859s] -- Found OpenSSL: /usr/lib/x86_64-linux-gnu/libcrypto.so (found version "3.0.2")  
[0.894s] -- Found FastRTPS: /opt/ros/humble/include  
[0.924s] -- Using RMW implementation 'rmw_fastrtps_cpp' as default
[0.934s] -- Looking for pthread.h
[1.032s] -- Looking for pthread.h - found
[1.032s] -- Performing Test CMAKE_HAVE_LIBC_PTHREAD
[1.120s] -- Performing Test CMAKE_HAVE_LIBC_PTHREAD - Success
[1.121s] -- Found Threads: TRUE  
[1.265s] -- Found ament_lint_auto: 0.12.15 (/opt/ros/humble/share/ament_lint_auto/cmake)
[1.276s] [0mIn this package, headers install destination is set to `include` by ament_auto_package. It is recommended to install `include/hik_camera_ros2_driver` instead and will be the default behavior of ament_auto_package from ROS 2 Kilted Kaiju. On distributions before Kilted, ament_auto_package behaves the same way when you use USE_SCOPED_HEADER_INSTALL_DIR option.[0m
[1.318s] -- Added test 'cppcheck' to perform static code analysis on C / C++ code
[1.318s] -- Configured cppcheck include dirs: /home/robot/ros_ws/src/hik_camera_ros2_driver/include
[1.318s] -- Configured cppcheck exclude dirs and/or files: 
[1.327s] -- Added test 'lint_cmake' to check CMake code style
[1.332s] -- Added test 'pep257' to check Python code against some of the docstring style conventions in PEP 257
[1.337s] -- Added test 'xmllint' to check XML markup files
[1.340s] -- Configuring done
[1.348s] -- Generating done
[1.351s] -- Build files have been written to: /home/robot/ros_ws/build/hik_camera_ros2_driver
[1.358s] Invoked command in '/home/robot/ros_ws/build/hik_camera_ros2_driver' returned '0': CMAKE_PREFIX_PATH=${CMAKE_PREFIX_PATH}:/home/robot/transistor_rm2026_algorithm_visual_ws/install/shm_python_processor_pkg:/opt/ros/humble /usr/bin/cmake /home/robot/ros_ws/src/hik_camera_ros2_driver -DCMAKE_BUILD_TYPE=Release -DAMENT_CMAKE_SYMLINK_INSTALL=1 -DCMAKE_INSTALL_PREFIX=/home/robot/ros_ws/install/hik_camera_ros2_driver
[1.359s] Invoking command in '/home/robot/ros_ws/build/hik_camera_ros2_driver': CMAKE_PREFIX_PATH=${CMAKE_PREFIX_PATH}:/home/robot/transistor_rm2026_algorithm_visual_ws/install/shm_python_processor_pkg:/opt/ros/humble /usr/bin/cmake --build /home/robot/ros_ws/build/hik_camera_ros2_driver -- -j24 -l24
[1.407s] [ 25%] [32mBuilding CXX object CMakeFiles/hik_camera_ros2_driver.dir/src/hik_camera_node.cpp.o[0m
[1.407s] [ 50%] [32mBuilding CXX object CMakeFiles/hik_camera_ros2_driver_node.dir/rclcpp_components/node_main_hik_camera_ros2_driver_node.cpp.o[0m
[1.470s] In file included from [01m[K/home/robot/ros_ws/src/hik_camera_ros2_driver/src/hik_camera_node.cpp:1[m[K:
[1.470s] [01m[K/home/robot/ros_ws/src/hik_camera_ros2_driver/include/hik_camera_ros2_driver/hik_camera_node.hpp:7:10:[m[K [01;31m[Kfatal error: [m[Kcamera_info_manager/camera_info_manager.hpp: 没有那个文件或目录
[1.470s]     7 | #include [01;31m[K"camera_info_manager/camera_info_manager.hpp"[m[K
[1.470s]       |          [01;31m[K^~~~~~~~~~~~~~~~~~~~~~~~~~~~~~~~~~~~~~~~~~~~~[m[K
[1.470s] compilation terminated.
[1.471s] gmake[2]: *** [CMakeFiles/hik_camera_ros2_driver.dir/build.make:76：CMakeFiles/hik_camera_ros2_driver.dir/src/hik_camera_node.cpp.o] 错误 1
[1.471s] gmake[1]: *** [CMakeFiles/Makefile2:139：CMakeFiles/hik_camera_ros2_driver.dir/all] 错误 2
[1.471s] gmake[1]: *** 正在等待未完成的任务....
[3.564s] [ 75%] [32m[1mLinking CXX executable hik_camera_ros2_driver_node[0m
[3.677s] [ 75%] Built target hik_camera_ros2_driver_node
[3.678s] gmake: *** [Makefile:146：all] 错误 2
[3.680s] Invoked command in '/home/robot/ros_ws/build/hik_camera_ros2_driver' returned '2': CMAKE_PREFIX_PATH=${CMAKE_PREFIX_PATH}:/home/robot/transistor_rm2026_algorithm_visual_ws/install/shm_python_processor_pkg:/opt/ros/humble /usr/bin/cmake --build /home/robot/ros_ws/build/hik_camera_ros2_driver -- -j24 -l24
