[0.010s] Invoking command in '/media/robot/Ventoy/算法组作业/算法组第五次作业/pcd2pgm/build/pcd2pgm': CMAKE_PREFIX_PATH=${CMAKE_PREFIX_PATH}:/home/robot/transistor_rm2026_algorithm_visual_ws/install/shm_python_processor_pkg:/opt/ros/humble /usr/bin/cmake --build /media/robot/Ventoy/算法组作业/算法组第五次作业/pcd2pgm/build/pcd2pgm -- -j24 -l24
[0.019s] [0mCMake Error: The current CMakeCache.txt directory /media/robot/Ventoy/算法组作业/算法组第五次作业/pcd2pgm/build/pcd2pgm/CMakeCache.txt is different than the directory /home/robot/pcd2pgm/build/pcd2pgm where CMakeCache.txt was created. This may result in binaries being created in the wrong place. If you are not sure, reedit the CMakeCache.txt[0m
[0.064s] [35m[1mConsolidate compiler generated dependencies of target pcd2pgm[0m
[0.065s] [35m[1mConsolidate compiler generated dependencies of target pcd2pgm_node[0m
[0.077s] [ 50%] Built target pcd2pgm_node
[0.079s] [100%] Built target pcd2pgm
[0.091s] Invoked command in '/media/robot/Ventoy/算法组作业/算法组第五次作业/pcd2pgm/build/pcd2pgm' returned '0': CMAKE_PREFIX_PATH=${CMAKE_PREFIX_PATH}:/home/robot/transistor_rm2026_algorithm_visual_ws/install/shm_python_processor_pkg:/opt/ros/humble /usr/bin/cmake --build /media/robot/Ventoy/算法组作业/算法组第五次作业/pcd2pgm/build/pcd2pgm -- -j24 -l24
[0.104s] Invoking command in '/media/robot/Ventoy/算法组作业/算法组第五次作业/pcd2pgm/build/pcd2pgm': CMAKE_PREFIX_PATH=${CMAKE_PREFIX_PATH}:/home/robot/transistor_rm2026_algorithm_visual_ws/install/shm_python_processor_pkg:/opt/ros/humble /usr/bin/cmake --install /media/robot/Ventoy/算法组作业/算法组第五次作业/pcd2pgm/build/pcd2pgm
[0.111s] -- Install configuration: ""
[0.112s] -- Execute custom install script
[0.112s] -- Up-to-date symlink: /home/robot/pcd2pgm/install/pcd2pgm/lib/pcd2pgm/pcd2pgm_node
[0.112s] -- Up-to-date symlink: /home/robot/pcd2pgm/install/pcd2pgm/include/pcd2pgm/pcd2pgm/pcd2pgm.hpp
[0.112s] -- Up-to-date symlink: /home/robot/pcd2pgm/install/pcd2pgm/share/pcd2pgm/environment/library_path.sh
[0.112s] -- Up-to-date symlink: /home/robot/pcd2pgm/install/pcd2pgm/share/pcd2pgm/environment/library_path.dsv
[0.112s] -- Up-to-date symlink: /home/robot/pcd2pgm/install/pcd2pgm/lib/libpcd2pgm.so
[0.112s] -- Up-to-date symlink: /home/robot/pcd2pgm/install/pcd2pgm/share/pcd2pgm/config/pcd2pgm.yaml
[0.112s] -- Up-to-date symlink: /home/robot/pcd2pgm/install/pcd2pgm/share/pcd2pgm/launch/pcd2pgm_launch.py
[0.112s] -- Up-to-date symlink: /home/robot/pcd2pgm/install/pcd2pgm/share/pcd2pgm/rviz/pcd2pgm.rviz
[0.112s] -- Up-to-date symlink: /home/robot/pcd2pgm/install/pcd2pgm/share/ament_index/resource_index/package_run_dependencies/pcd2pgm
[0.113s] -- Up-to-date symlink: /home/robot/pcd2pgm/install/pcd2pgm/share/ament_index/resource_index/parent_prefix_path/pcd2pgm
[0.113s] -- Up-to-date symlink: /home/robot/pcd2pgm/install/pcd2pgm/share/pcd2pgm/environment/ament_prefix_path.sh
[0.113s] -- Up-to-date symlink: /home/robot/pcd2pgm/install/pcd2pgm/share/pcd2pgm/environment/ament_prefix_path.dsv
[0.113s] -- Up-to-date symlink: /home/robot/pcd2pgm/install/pcd2pgm/share/pcd2pgm/environment/path.sh
[0.113s] -- Up-to-date symlink: /home/robot/pcd2pgm/install/pcd2pgm/share/pcd2pgm/environment/path.dsv
[0.113s] -- Up-to-date symlink: /home/robot/pcd2pgm/install/pcd2pgm/share/pcd2pgm/local_setup.bash
[0.113s] -- Up-to-date symlink: /home/robot/pcd2pgm/install/pcd2pgm/share/pcd2pgm/local_setup.sh
[0.113s] -- Up-to-date symlink: /home/robot/pcd2pgm/install/pcd2pgm/share/pcd2pgm/local_setup.zsh
[0.113s] -- Up-to-date symlink: /home/robot/pcd2pgm/install/pcd2pgm/share/pcd2pgm/local_setup.dsv
[0.113s] -- Symlinking: /home/robot/pcd2pgm/install/pcd2pgm/share/pcd2pgm/package.dsv
[0.121s] -- Up-to-date symlink: /home/robot/pcd2pgm/install/pcd2pgm/share/ament_index/resource_index/packages/pcd2pgm
[0.121s] -- Up-to-date symlink: /home/robot/pcd2pgm/install/pcd2pgm/share/ament_index/resource_index/rclcpp_components/pcd2pgm
[0.121s] -- Up-to-date symlink: /home/robot/pcd2pgm/install/pcd2pgm/share/pcd2pgm/cmake/ament_cmake_export_dependencies-extras.cmake
[0.122s] -- Up-to-date symlink: /home/robot/pcd2pgm/install/pcd2pgm/share/pcd2pgm/cmake/ament_cmake_export_include_directories-extras.cmake
[0.122s] -- Up-to-date symlink: /home/robot/pcd2pgm/install/pcd2pgm/share/pcd2pgm/cmake/ament_cmake_export_libraries-extras.cmake
[0.122s] -- Up-to-date symlink: /home/robot/pcd2pgm/install/pcd2pgm/share/pcd2pgm/cmake/pcd2pgmConfig.cmake
[0.122s] -- Up-to-date symlink: /home/robot/pcd2pgm/install/pcd2pgm/share/pcd2pgm/cmake/pcd2pgmConfig-version.cmake
[0.122s] -- Up-to-date symlink: /home/robot/pcd2pgm/install/pcd2pgm/share/pcd2pgm/package.xml
[0.123s] Invoked command in '/media/robot/Ventoy/算法组作业/算法组第五次作业/pcd2pgm/build/pcd2pgm' returned '0': CMAKE_PREFIX_PATH=${CMAKE_PREFIX_PATH}:/home/robot/transistor_rm2026_algorithm_visual_ws/install/shm_python_processor_pkg:/opt/ros/humble /usr/bin/cmake --install /media/robot/Ventoy/算法组作业/算法组第五次作业/pcd2pgm/build/pcd2pgm
