[0.007s] Invoking command in '/home/robot/ros_ws/build/hik_camera_ros2_driver': CMAKE_PREFIX_PATH=${CMAKE_PREFIX_PATH}:/home/robot/transistor_rm2026_algorithm_visual_ws/install/shm_python_processor_pkg:/opt/ros/humble /usr/bin/cmake --build /home/robot/ros_ws/build/hik_camera_ros2_driver -- -j24 -l24
[0.033s] -- Found ament_cmake_auto: 1.3.14 (/opt/ros/humble/share/ament_cmake_auto/cmake)
[0.131s] -- Override CMake install command with custom implementation using symlinks instead of copying resources
[0.137s] -- Found camera_info_manager: 3.1.12 (/opt/ros/humble/share/camera_info_manager/cmake)
[0.159s] -- Found rosidl_generator_c: 3.1.8 (/opt/ros/humble/share/rosidl_generator_c/cmake)
[0.161s] -- Found rosidl_adapter: 3.1.8 (/opt/ros/humble/share/rosidl_adapter/cmake)
[0.165s] -- Found rosidl_generator_cpp: 3.1.8 (/opt/ros/humble/share/rosidl_generator_cpp/cmake)
[0.171s] -- Using all available rosidl_typesupport_c: rosidl_typesupport_fastrtps_c;rosidl_typesupport_introspection_c
[0.180s] -- Using all available rosidl_typesupport_cpp: rosidl_typesupport_fastrtps_cpp;rosidl_typesupport_introspection_cpp
[0.202s] -- Found rmw_implementation_cmake: 6.1.2 (/opt/ros/humble/share/rmw_implementation_cmake/cmake)
[0.203s] -- Found rmw_fastrtps_cpp: 6.2.10 (/opt/ros/humble/share/rmw_fastrtps_cpp/cmake)
[0.291s] -- Using RMW implementation 'rmw_fastrtps_cpp' as default
[0.437s] -- Found ament_lint_auto: 0.12.15 (/opt/ros/humble/share/ament_lint_auto/cmake)
[0.441s] In this package, headers install destination is set to `include` by ament_auto_package. It is recommended to install `include/hik_camera_ros2_driver` instead and will be the default behavior of ament_auto_package from ROS 2 Kilted Kaiju. On distributions before Kilted, ament_auto_package behaves the same way when you use USE_SCOPED_HEADER_INSTALL_DIR option.
[0.518s] -- Added test 'cppcheck' to perform static code analysis on C / C++ code
[0.518s] -- Configured cppcheck include dirs: /home/robot/ros_ws/src/hik_camera_ros2_driver/include
[0.518s] -- Configured cppcheck exclude dirs and/or files: 
[0.536s] -- Added test 'lint_cmake' to check CMake code style
[0.545s] -- Added test 'pep257' to check Python code against some of the docstring style conventions in PEP 257
[0.554s] -- Added test 'xmllint' to check XML markup files
[0.556s] -- Configuring done
[0.564s] -- Generating done
[0.567s] -- Build files have been written to: /home/robot/ros_ws/build/hik_camera_ros2_driver
[0.596s] Consolidate compiler generated dependencies of target hik_camera_ros2_driver_node
[0.599s] [ 25%] Building CXX object CMakeFiles/hik_camera_ros2_driver.dir/src/hik_camera_node.cpp.o
[0.610s] [ 75%] Built target hik_camera_ros2_driver_node
[2.818s] [100%] Linking CXX shared library libhik_camera_ros2_driver.so
[2.935s] [100%] Built target hik_camera_ros2_driver
[2.946s] Invoked command in '/home/robot/ros_ws/build/hik_camera_ros2_driver' returned '0': CMAKE_PREFIX_PATH=${CMAKE_PREFIX_PATH}:/home/robot/transistor_rm2026_algorithm_visual_ws/install/shm_python_processor_pkg:/opt/ros/humble /usr/bin/cmake --build /home/robot/ros_ws/build/hik_camera_ros2_driver -- -j24 -l24
[2.957s] Invoking command in '/home/robot/ros_ws/build/hik_camera_ros2_driver': CMAKE_PREFIX_PATH=${CMAKE_PREFIX_PATH}:/home/robot/transistor_rm2026_algorithm_visual_ws/install/shm_python_processor_pkg:/opt/ros/humble /usr/bin/cmake --install /home/robot/ros_ws/build/hik_camera_ros2_driver
[2.967s] -- Install configuration: "Release"
[2.968s] -- Execute custom install script
[2.968s] -- Symlinking: /home/robot/ros_ws/install/hik_camera_ros2_driver/lib/hik_camera_ros2_driver/hik_camera_ros2_driver_node
[2.976s] -- Symlinking: /home/robot/ros_ws/install/hik_camera_ros2_driver/include/hik_camera_ros2_driver/hik_camera_node.hpp
[2.982s] -- Symlinking: /home/robot/ros_ws/install/hik_camera_ros2_driver/share/hik_camera_ros2_driver/environment/library_path.sh
[2.992s] -- Symlinking: /home/robot/ros_ws/install/hik_camera_ros2_driver/share/hik_camera_ros2_driver/environment/library_path.dsv
[3.004s] -- Symlinking: /home/robot/ros_ws/install/hik_camera_ros2_driver/lib/libhik_camera_ros2_driver.so
[3.015s] -- Symlinking: /home/robot/ros_ws/install/hik_camera_ros2_driver/share/hik_camera_ros2_driver/launch/cam_calibration.launch.py
[3.027s] -- Symlinking: /home/robot/ros_ws/install/hik_camera_ros2_driver/share/hik_camera_ros2_driver/launch/hik_camera_launch.py
[3.038s] -- Symlinking: /home/robot/ros_ws/install/hik_camera_ros2_driver/share/hik_camera_ros2_driver/config/calibration_board.yaml
[3.051s] -- Symlinking: /home/robot/ros_ws/install/hik_camera_ros2_driver/share/hik_camera_ros2_driver/config/camera_info.yaml
[3.061s] -- Symlinking: /home/robot/ros_ws/install/hik_camera_ros2_driver/share/hik_camera_ros2_driver/config/camera_params.yaml
[3.070s] -- Symlinking: /home/robot/ros_ws/install/hik_camera_ros2_driver/share/ament_index/resource_index/package_run_dependencies/hik_camera_ros2_driver
[3.080s] -- Symlinking: /home/robot/ros_ws/install/hik_camera_ros2_driver/share/ament_index/resource_index/parent_prefix_path/hik_camera_ros2_driver
[3.089s] -- Symlinking: /home/robot/ros_ws/install/hik_camera_ros2_driver/share/hik_camera_ros2_driver/environment/ament_prefix_path.sh
[3.097s] -- Symlinking: /home/robot/ros_ws/install/hik_camera_ros2_driver/share/hik_camera_ros2_driver/environment/ament_prefix_path.dsv
[3.104s] -- Symlinking: /home/robot/ros_ws/install/hik_camera_ros2_driver/share/hik_camera_ros2_driver/environment/path.sh
[3.112s] -- Symlinking: /home/robot/ros_ws/install/hik_camera_ros2_driver/share/hik_camera_ros2_driver/environment/path.dsv
[3.120s] -- Symlinking: /home/robot/ros_ws/install/hik_camera_ros2_driver/share/hik_camera_ros2_driver/local_setup.bash
[3.127s] -- Symlinking: /home/robot/ros_ws/install/hik_camera_ros2_driver/share/hik_camera_ros2_driver/local_setup.sh
[3.135s] -- Symlinking: /home/robot/ros_ws/install/hik_camera_ros2_driver/share/hik_camera_ros2_driver/local_setup.zsh
[3.141s] -- Symlinking: /home/robot/ros_ws/install/hik_camera_ros2_driver/share/hik_camera_ros2_driver/local_setup.dsv
[3.147s] -- Symlinking: /home/robot/ros_ws/install/hik_camera_ros2_driver/share/hik_camera_ros2_driver/package.dsv
[3.153s] -- Symlinking: /home/robot/ros_ws/install/hik_camera_ros2_driver/share/ament_index/resource_index/packages/hik_camera_ros2_driver
[3.161s] -- Symlinking: /home/robot/ros_ws/install/hik_camera_ros2_driver/share/ament_index/resource_index/rclcpp_components/hik_camera_ros2_driver
[3.167s] -- Symlinking: /home/robot/ros_ws/install/hik_camera_ros2_driver/share/hik_camera_ros2_driver/cmake/ament_cmake_export_dependencies-extras.cmake
[3.175s] -- Symlinking: /home/robot/ros_ws/install/hik_camera_ros2_driver/share/hik_camera_ros2_driver/cmake/ament_cmake_export_include_directories-extras.cmake
[3.181s] -- Symlinking: /home/robot/ros_ws/install/hik_camera_ros2_driver/share/hik_camera_ros2_driver/cmake/ament_cmake_export_libraries-extras.cmake
[3.188s] -- Symlinking: /home/robot/ros_ws/install/hik_camera_ros2_driver/share/hik_camera_ros2_driver/cmake/hik_camera_ros2_driverConfig.cmake
[3.196s] -- Symlinking: /home/robot/ros_ws/install/hik_camera_ros2_driver/share/hik_camera_ros2_driver/cmake/hik_camera_ros2_driverConfig-version.cmake
[3.201s] -- Symlinking: /home/robot/ros_ws/install/hik_camera_ros2_driver/share/hik_camera_ros2_driver/package.xml
[3.210s] Invoked command in '/home/robot/ros_ws/build/hik_camera_ros2_driver' returned '0': CMAKE_PREFIX_PATH=${CMAKE_PREFIX_PATH}:/home/robot/transistor_rm2026_algorithm_visual_ws/install/shm_python_processor_pkg:/opt/ros/humble /usr/bin/cmake --install /home/robot/ros_ws/build/hik_camera_ros2_driver
